<?xml version="1.0" encoding="UTF-8"?>
<!-- Generated by org.testng.reporters.JUnitXMLReporter -->
<testsuite ignored="4" hostname="DESKTOP-IQ2M59A" failures="0" tests="6" name="Chrome" time="148.711" errors="0" timestamp="2022-03-04T14:20:35 IST">
  <testcase classname="Package1.Test2" name="@BeforeMethod loginToTheApplication" time="0.003">
    <failure type="java.lang.NullPointerException" message="Cannot invoke &amp;quot;org.openqa.selenium.WebDriver.get(String)&amp;quot; because &amp;quot;this.driver&amp;quot; is null">
      <![CDATA[java.lang.NullPointerException: Cannot invoke "org.openqa.selenium.WebDriver.get(String)" because "this.driver" is null
at Package1.Test2.loginToTheApplication(Test2.java:54)
at java.base/java.util.ArrayList.forEach(ArrayList.java:1511)
at java.base/java.util.concurrent.FutureTask.run(FutureTask.java:264)
at java.base/java.util.concurrent.ThreadPoolExecutor.runWorker(ThreadPoolExecutor.java:1136)
at java.base/java.util.concurrent.ThreadPoolExecutor$Worker.run(ThreadPoolExecutor.java:635)
at java.base/java.lang.Thread.run(Thread.java:833)
... Removed 22 stack frames]]>
    </failure>
  </testcase> <!-- @BeforeMethod loginToTheApplication -->
  <testcase classname="Package1.Test2" name="@AfterMethod logOutTheApplication" time="-1.646383686812E9">
    <skipped/>
  </testcase> <!-- @AfterMethod logOutTheApplication -->
  <testcase classname="Package1.Test2" name="@BeforeMethod loginToTheApplication" time="-1.64638368683E9">
    <skipped/>
  </testcase> <!-- @BeforeMethod loginToTheApplication -->
  <testcase classname="Package1.Test2" name="@AfterMethod logOutTheApplication" time="-1.646383686864E9">
    <skipped/>
  </testcase> <!-- @AfterMethod logOutTheApplication -->
  <testcase classname="Package1.Test2" name="@BeforeMethod loginToTheApplication" time="-1.646383686875E9">
    <skipped/>
  </testcase> <!-- @BeforeMethod loginToTheApplication -->
  <testcase classname="Package1.Test2" name="@AfterMethod logOutTheApplication" time="-1.646383686886E9">
    <skipped/>
  </testcase> <!-- @AfterMethod logOutTheApplication -->
  <testcase classname="Package1.Test2" name="@AfterClass closeTheBrowser" time="-1.646383686892E9">
    <skipped/>
  </testcase> <!-- @AfterClass closeTheBrowser -->
  <testcase classname="Package1.Test3" name="@BeforeMethod loginToTheApplication" time="0.001">
    <failure type="java.lang.NullPointerException" message="Cannot invoke &amp;quot;org.openqa.selenium.WebDriver.get(String)&amp;quot; because &amp;quot;this.driver&amp;quot; is null">
      <![CDATA[java.lang.NullPointerException: Cannot invoke "org.openqa.selenium.WebDriver.get(String)" because "this.driver" is null
at Package1.Test3.loginToTheApplication(Test3.java:54)
at java.base/java.util.ArrayList.forEach(ArrayList.java:1511)
at java.base/java.util.concurrent.FutureTask.run(FutureTask.java:264)
at java.base/java.util.concurrent.ThreadPoolExecutor.runWorker(ThreadPoolExecutor.java:1136)
at java.base/java.util.concurrent.ThreadPoolExecutor$Worker.run(ThreadPoolExecutor.java:635)
at java.base/java.lang.Thread.run(Thread.java:833)
... Removed 22 stack frames]]>
    </failure>
  </testcase> <!-- @BeforeMethod loginToTheApplication -->
  <testcase classname="Package1.Test3" name="@AfterMethod logOutTheApplication" time="-1.646383686939E9">
    <skipped/>
  </testcase> <!-- @AfterMethod logOutTheApplication -->
  <testcase classname="Package1.Test3" name="@BeforeMethod loginToTheApplication" time="-1.646383686956E9">
    <skipped/>
  </testcase> <!-- @BeforeMethod loginToTheApplication -->
  <testcase classname="Package1.Test3" name="@AfterMethod logOutTheApplication" time="-1.646383686973E9">
    <skipped/>
  </testcase> <!-- @AfterMethod logOutTheApplication -->
  <testcase classname="Package1.Test3" name="@BeforeMethod loginToTheApplication" time="-1.646383686976E9">
    <skipped/>
  </testcase> <!-- @BeforeMethod loginToTheApplication -->
  <testcase classname="Package1.Test3" name="@AfterMethod logOutTheApplication" time="-1.646383686995E9">
    <skipped/>
  </testcase> <!-- @AfterMethod logOutTheApplication -->
  <testcase classname="Package1.Test3" name="@AfterClass closeTheBrowser" time="-1.646383686998E9">
    <skipped/>
  </testcase> <!-- @AfterClass closeTheBrowser -->
  <testcase classname="Package1.Test2" name="@AfterTest closeBowser1" time="-1.646383687008E9">
    <skipped/>
  </testcase> <!-- @AfterTest closeBowser1 -->
  <testcase classname="Package1.Test3" name="@AfterTest closeBowser1" time="-1.646383687012E9">
    <skipped/>
  </testcase> <!-- @AfterTest closeBowser1 -->
  <testcase classname="Package1.Test2" name="verifyTheUserTab" time="6.612"/>
  <testcase classname="Package1.Test2" name="verifyTheUserTab1" time="36.579"/>
  <testcase classname="Package1.Test2" name="verifyTheUserTab3" time="4.916"/>
  <testcase classname="Package1.Test3" name="verifyTheUserTab" time="6.12"/>
  <testcase classname="Package1.Test3" name="verifyTheUserTab1" time="21.313"/>
  <testcase classname="Package1.Test3" name="verifyTheUserTab3" time="6.11"/>
  <testcase classname="Package1.Test3" name="verifyTheUserTab4" time="0.0">
    <ignored/>
  </testcase> <!-- verifyTheUserTab4 -->
  <testcase classname="Package1.Test2" name="verifyTheUserTab4" time="0.0">
    <ignored/>
  </testcase> <!-- verifyTheUserTab4 -->
  <testcase classname="Package1.Test3" name="verifyTheUserTab5" time="0.0">
    <ignored/>
  </testcase> <!-- verifyTheUserTab5 -->
  <testcase classname="Package1.Test2" name="verifyTheUserTab5" time="0.0">
    <ignored/>
  </testcase> <!-- verifyTheUserTab5 -->
</testsuite> <!-- Chrome -->
