<?xml version="1.0" encoding="UTF-8"?>
<!-- Generated by org.testng.reporters.JUnitXMLReporter -->
<testsuite ignored="8" hostname="DESKTOP-IQ2M59A" failures="0" tests="2" name="ChromeTest" time="99.82" errors="0" timestamp="2022-03-05T09:54:20 IST">
  <testcase classname="Package1.Test2" name="verifyTheUserTab" time="10.661"/>
  <testcase classname="Package1.Test3" name="verifyTheUserTab" time="11.355"/>
  <testcase classname="Package1.Test2" name="verifyTheUserTab3" time="0.0">
    <ignored/>
  </testcase> <!-- verifyTheUserTab3 -->
  <testcase classname="Package1.Test3" name="verifyTheUserTab4" time="0.0">
    <ignored/>
  </testcase> <!-- verifyTheUserTab4 -->
  <testcase classname="Package1.Test2" name="verifyTheUserTab4" time="0.0">
    <ignored/>
  </testcase> <!-- verifyTheUserTab4 -->
  <testcase classname="Package1.Test3" name="verifyTheUserTab3" time="0.0">
    <ignored/>
  </testcase> <!-- verifyTheUserTab3 -->
  <testcase classname="Package1.Test3" name="verifyTheUserTab5" time="0.0">
    <ignored/>
  </testcase> <!-- verifyTheUserTab5 -->
  <testcase classname="Package1.Test2" name="verifyTheUserTab5" time="0.0">
    <ignored/>
  </testcase> <!-- verifyTheUserTab5 -->
  <testcase classname="Package1.Test3" name="verifyTheUserTab1" time="0.0">
    <ignored/>
  </testcase> <!-- verifyTheUserTab1 -->
  <testcase classname="Package1.Test2" name="verifyTheUserTab1" time="0.0">
    <ignored/>
  </testcase> <!-- verifyTheUserTab1 -->
</testsuite> <!-- ChromeTest -->
