<?xml version="1.0" encoding="UTF-8"?>
<!-- Generated by org.testng.reporters.JUnitXMLReporter -->
<testsuite ignored="8" hostname="DESKTOP-IQ2M59A" failures="0" tests="2" name="FirefoxTest" time="54.417" errors="0" timestamp="2022-03-05T09:53:35 IST">
  <testcase classname="Package1.Test3" name="@BeforeMethod loginToTheApplication" time="0.001">
    <failure type="java.lang.NullPointerException" message="Cannot invoke &amp;quot;org.openqa.selenium.WebDriver.get(String)&amp;quot; because &amp;quot;this.driver&amp;quot; is null">
      <![CDATA[java.lang.NullPointerException: Cannot invoke "org.openqa.selenium.WebDriver.get(String)" because "this.driver" is null
at Package1.Test3.loginToTheApplication(Test3.java:54)
at java.base/java.util.ArrayList.forEach(ArrayList.java:1511)
at java.base/java.util.concurrent.FutureTask.run(FutureTask.java:264)
at java.base/java.util.concurrent.ThreadPoolExecutor.runWorker(ThreadPoolExecutor.java:1136)
at java.base/java.util.concurrent.ThreadPoolExecutor$Worker.run(ThreadPoolExecutor.java:635)
at java.base/java.lang.Thread.run(Thread.java:833)
... Removed 22 stack frames]]>
    </failure>
  </testcase> <!-- @BeforeMethod loginToTheApplication -->
  <testcase classname="Package1.Test3" name="@AfterMethod logOutTheApplication" time="-1.646454210561E9">
    <skipped/>
  </testcase> <!-- @AfterMethod logOutTheApplication -->
  <testcase classname="Package1.Test3" name="@AfterClass closeTheBrowser" time="-1.646454210568E9">
    <skipped/>
  </testcase> <!-- @AfterClass closeTheBrowser -->
  <testcase classname="Package1.Test3" name="@AfterTest closeBowser1" time="0.001">
    <failure type="java.lang.NullPointerException" message="Cannot invoke &amp;quot;org.openqa.selenium.WebDriver.quit()&amp;quot; because &amp;quot;this.driver&amp;quot; is null">
      <![CDATA[java.lang.NullPointerException: Cannot invoke "org.openqa.selenium.WebDriver.quit()" because "this.driver" is null
at Package1.Test3.closeBowser1(Test3.java:175)
at java.base/java.util.concurrent.FutureTask.run(FutureTask.java:264)
at java.base/java.util.concurrent.ThreadPoolExecutor.runWorker(ThreadPoolExecutor.java:1136)
at java.base/java.util.concurrent.ThreadPoolExecutor$Worker.run(ThreadPoolExecutor.java:635)
at java.base/java.lang.Thread.run(Thread.java:833)
... Removed 15 stack frames]]>
    </failure>
  </testcase> <!-- @AfterTest closeBowser1 -->
  <testcase classname="Package1.Test2" name="verifyTheUserTab" time="10.51"/>
  <testcase classname="Package1.Test3" name="verifyTheUserTab" time="0.0">
    <skipped/>
  </testcase> <!-- verifyTheUserTab -->
  <testcase classname="Package1.Test2" name="verifyTheUserTab3" time="0.0">
    <ignored/>
  </testcase> <!-- verifyTheUserTab3 -->
  <testcase classname="Package1.Test3" name="verifyTheUserTab4" time="0.0">
    <ignored/>
  </testcase> <!-- verifyTheUserTab4 -->
  <testcase classname="Package1.Test2" name="verifyTheUserTab4" time="0.0">
    <ignored/>
  </testcase> <!-- verifyTheUserTab4 -->
  <testcase classname="Package1.Test3" name="verifyTheUserTab3" time="0.0">
    <ignored/>
  </testcase> <!-- verifyTheUserTab3 -->
  <testcase classname="Package1.Test3" name="verifyTheUserTab5" time="0.0">
    <ignored/>
  </testcase> <!-- verifyTheUserTab5 -->
  <testcase classname="Package1.Test2" name="verifyTheUserTab5" time="0.0">
    <ignored/>
  </testcase> <!-- verifyTheUserTab5 -->
  <testcase classname="Package1.Test3" name="verifyTheUserTab1" time="0.0">
    <ignored/>
  </testcase> <!-- verifyTheUserTab1 -->
  <testcase classname="Package1.Test2" name="verifyTheUserTab1" time="0.0">
    <ignored/>
  </testcase> <!-- verifyTheUserTab1 -->
</testsuite> <!-- FirefoxTest -->
