<?xml version="1.0" encoding="UTF-8"?>
<!-- Generated by org.testng.reporters.JUnitXMLReporter -->
<testsuite ignored="1" hostname="DESKTOP-IQ2M59A" failures="0" tests="8" name="Test" time="162.089" errors="0" timestamp="2022-03-04T12:53:27 IST">
  <testcase classname="Package1.Test2" name="verifyTheUserTab" time="7.794"/>
  <testcase classname="Package1.Test2" name="verifyTheUserTab1" time="34.495"/>
  <testcase classname="Package1.Test2" name="verifyTheUserTab3" time="21.157"/>
  <testcase classname="Package1.Test2" name="verifyTheUserTab4" time="10.388"/>
  <testcase classname="Package1.Test2" name="verifyTheUserTab5" time="15.525"/>
  <testcase classname="Package1.TestByAnnotation" name="TestB" time="1.013"/>
  <testcase classname="Package1.TestByAnnotation" name="TestC" time="0.002"/>
  <testcase classname="Package1.TestByAnnotation" name="TestD" time="0.002"/>
  <testcase classname="Package1.TestByAnnotation" name="TestA" time="0.0">
    <ignored/>
  </testcase> <!-- TestA -->
</testsuite> <!-- Test -->
